  [1m[36m (1.2ms)[0m  [1mCREATE TABLE "schema_migrations" ("version" varchar NOT NULL) [0m
  [1m[35m (0.0ms)[0m  select sqlite_version(*)
  [1m[36m (1.0ms)[0m  [1mCREATE UNIQUE INDEX "unique_schema_migrations" ON "schema_migrations" ("version")[0m
  [1m[35mActiveRecord::SchemaMigration Load (0.1ms)[0m  SELECT "schema_migrations".* FROM "schema_migrations"
  [1m[36mActiveRecord::SchemaMigration Load (0.1ms)[0m  [1mSELECT "schema_migrations".* FROM "schema_migrations"[0m
Migrating to CreatePosts (20151230232412)
  [1m[35m (0.1ms)[0m  begin transaction
  [1m[36m (0.4ms)[0m  [1mCREATE TABLE "posts" ("id" INTEGER PRIMARY KEY AUTOINCREMENT NOT NULL, "title" varchar, "description" text, "created_at" datetime NOT NULL, "updated_at" datetime NOT NULL) [0m
  [1m[35mSQL (0.2ms)[0m  INSERT INTO "schema_migrations" ("version") VALUES (?)  [["version", "20151230232412"]]
  [1m[36m (1.3ms)[0m  [1mcommit transaction[0m
  [1m[35mActiveRecord::SchemaMigration Load (0.1ms)[0m  SELECT "schema_migrations".* FROM "schema_migrations"


Started GET "/posts/new" for ::1 at 2015-12-31 13:44:56 -0600
  [1m[36mActiveRecord::SchemaMigration Load (0.1ms)[0m  [1mSELECT "schema_migrations".* FROM "schema_migrations"[0m
Processing by PostsController#new as HTML
  Rendered posts/new.html.erb within layouts/application (2.1ms)
Completed 200 OK in 347ms (Views: 326.8ms | ActiveRecord: 0.2ms)


Started GET "/assets/application.self-e80e8f2318043e8af94dddc2adad5a4f09739a8ebb323b3ab31cd71d45fd9113.css?body=1" for ::1 at 2015-12-31 13:44:57 -0600


Started GET "/assets/application.self-3b8dabdc891efe46b9a144b400ad69e37d7e5876bdc39dee783419a69d7ca819.js?body=1" for ::1 at 2015-12-31 13:44:57 -0600


Started POST "/posts" for ::1 at 2015-12-31 13:45:03 -0600
Processing by PostsController#create as HTML
  Parameters: {"utf8"=>"✓", "authenticity_token"=>"mFCuNJP5reOW19phdr4zXRLzOMo4NZQ3wneiVR+RO/+owIoDiOxh24iHKkZ7DGazxbSIoRmvIOmJgA4gog1sGg==", "title"=>"Rails Introduction Quiz", "description"=>"asdfasdf", "commit"=>"Submit Post"}
  [1m[35m (0.1ms)[0m  begin transaction
  [1m[36mSQL (0.4ms)[0m  [1mINSERT INTO "posts" ("title", "description", "created_at", "updated_at") VALUES (?, ?, ?, ?)[0m  [["title", "Rails Introduction Quiz"], ["description", "asdfasdf"], ["created_at", "2015-12-31 19:45:03.614973"], ["updated_at", "2015-12-31 19:45:03.614973"]]
  [1m[35m (1.2ms)[0m  commit transaction
Redirected to http://localhost:3000/posts/1
Completed 302 Found in 22ms (ActiveRecord: 1.7ms)


Started GET "/posts/1" for ::1 at 2015-12-31 13:45:03 -0600
Processing by PostsController#show as HTML
  Parameters: {"id"=>"1"}
  [1m[36mPost Load (0.2ms)[0m  [1mSELECT  "posts".* FROM "posts" WHERE "posts"."id" = ? LIMIT 1[0m  [["id", 1]]
  Rendered posts/show.html.erb within layouts/application (0.4ms)
Completed 200 OK in 27ms (Views: 10.4ms | ActiveRecord: 0.2ms)
  [1m[36mActiveRecord::SchemaMigration Load (0.4ms)[0m  [1mSELECT "schema_migrations".* FROM "schema_migrations"[0m
  [1m[35mActiveRecord::SchemaMigration Load (0.1ms)[0m  SELECT "schema_migrations".* FROM "schema_migrations"
  [1m[36mPost Load (2.4ms)[0m  [1mSELECT "posts".* FROM "posts"[0m
  [1m[36mActiveRecord::SchemaMigration Load (0.1ms)[0m  [1mSELECT "schema_migrations".* FROM "schema_migrations"[0m
  [1m[35m (0.0ms)[0m  begin transaction
  [1m[36mSQL (1.4ms)[0m  [1mINSERT INTO "posts" ("title", "description", "created_at", "updated_at") VALUES (?, ?, ?, ?)[0m  [["title", "The Smiths"], ["description", "There is a light that never goes out"], ["created_at", "2019-02-11 00:23:36.391380"], ["updated_at", "2019-02-11 00:23:36.391380"]]
  [1m[35m (0.8ms)[0m  commit transaction
  [1m[36m (0.1ms)[0m  [1mbegin transaction[0m
  [1m[35mSQL (0.4ms)[0m  INSERT INTO "posts" ("title", "description", "created_at", "updated_at") VALUES (?, ?, ?, ?)  [["title", "Skrillex"], ["description", "Summit"], ["created_at", "2019-02-11 00:23:36.395091"], ["updated_at", "2019-02-11 00:23:36.395091"]]
  [1m[36m (0.9ms)[0m  [1mcommit transaction[0m
  [1m[35m (0.0ms)[0m  begin transaction
  [1m[36mSQL (0.4ms)[0m  [1mINSERT INTO "posts" ("title", "description", "created_at", "updated_at") VALUES (?, ?, ?, ?)[0m  [["title", "Jack U"], ["description", "Take you there"], ["created_at", "2019-02-11 00:23:36.397723"], ["updated_at", "2019-02-11 00:23:36.397723"]]
  [1m[35m (1.3ms)[0m  commit transaction
  [1m[36m (0.0ms)[0m  [1mbegin transaction[0m
  [1m[35mSQL (0.3ms)[0m  INSERT INTO "posts" ("title", "description", "created_at", "updated_at") VALUES (?, ?, ?, ?)  [["title", "Max Styler"], ["description", "I feel it"], ["created_at", "2019-02-11 00:23:36.400572"], ["updated_at", "2019-02-11 00:23:36.400572"]]
  [1m[36m (0.9ms)[0m  [1mcommit transaction[0m
  [1m[35m (0.0ms)[0m  begin transaction
  [1m[36mSQL (0.3ms)[0m  [1mINSERT INTO "posts" ("title", "description", "created_at", "updated_at") VALUES (?, ?, ?, ?)[0m  [["title", "Disclosure"], ["description", "Latch"], ["created_at", "2019-02-11 00:23:36.402820"], ["updated_at", "2019-02-11 00:23:36.402820"]]
  [1m[35m (0.6ms)[0m  commit transaction
  [1m[36m (0.0ms)[0m  [1mbegin transaction[0m
  [1m[35mSQL (0.3ms)[0m  INSERT INTO "posts" ("title", "description", "created_at", "updated_at") VALUES (?, ?, ?, ?)  [["title", "Boston Bun"], ["description", "Miss you"], ["created_at", "2019-02-11 00:23:36.404726"], ["updated_at", "2019-02-11 00:23:36.404726"]]
  [1m[36m (0.6ms)[0m  [1mcommit transaction[0m
  [1m[36mPost Load (1.2ms)[0m  [1mSELECT "posts".* FROM "posts"[0m


Started GET "/" for ::1 at 2019-02-10 19:24:38 -0500
  [1m[36mActiveRecord::SchemaMigration Load (0.2ms)[0m  [1mSELECT "schema_migrations".* FROM "schema_migrations"[0m
Processing by Rails::WelcomeController#index as HTML
  Rendered /Users/kenkuts/.rvm/gems/ruby-2.5.0/gems/railties-4.2.11/lib/rails/templates/rails/welcome/index.html.erb (1.7ms)
Completed 200 OK in 22ms (Views: 12.6ms | ActiveRecord: 0.0ms)


Started GET "/posts" for ::1 at 2019-02-10 19:24:47 -0500
Processing by PostsController#index as HTML
  [1m[35mPost Load (0.2ms)[0m  SELECT "posts".* FROM "posts"
  Rendered posts/index.html.erb within layouts/application (3.4ms)
Completed 200 OK in 340ms (Views: 337.8ms | ActiveRecord: 0.4ms)


Started GET "/posts" for ::1 at 2019-02-10 19:26:26 -0500
Processing by PostsController#index as HTML
  Rendered posts/index.html.erb within layouts/application (0.5ms)
Completed 500 Internal Server Error in 11ms (ActiveRecord: 0.0ms)

SyntaxError (/Users/kenkuts/Desktop/Projects/flatiron_school/rails-create-action-readme-cb-000/app/views/posts/index.html.erb:2: syntax error, unexpected tIDENTIFIER, expecting ')'
...=( link_to post_path(post) post.title );@output_buffer.safe_...
...                           ^~~~):
  app/views/posts/index.html.erb:2: syntax error, unexpected tIDENTIFIER, expecting ')'


  Rendered /Users/kenkuts/.rvm/gems/ruby-2.5.0/gems/actionpack-4.2.11/lib/action_dispatch/middleware/templates/rescues/_source.erb (4.1ms)
  Rendered /Users/kenkuts/.rvm/gems/ruby-2.5.0/gems/actionpack-4.2.11/lib/action_dispatch/middleware/templates/rescues/_trace.html.erb (1.8ms)
  Rendered /Users/kenkuts/.rvm/gems/ruby-2.5.0/gems/actionpack-4.2.11/lib/action_dispatch/middleware/templates/rescues/_request_and_response.html.erb (0.7ms)
  Rendered /Users/kenkuts/.rvm/gems/ruby-2.5.0/gems/actionpack-4.2.11/lib/action_dispatch/middleware/templates/rescues/diagnostics.html.erb within rescues/layout (71.4ms)


Started GET "/posts" for ::1 at 2019-02-10 19:26:44 -0500
Processing by PostsController#index as HTML
  [1m[36mPost Load (0.2ms)[0m  [1mSELECT "posts".* FROM "posts"[0m
  Rendered posts/index.html.erb within layouts/application (2.0ms)
Completed 200 OK in 25ms (Views: 24.3ms | ActiveRecord: 0.2ms)


Started GET "/posts" for ::1 at 2019-02-10 19:27:08 -0500
Processing by PostsController#index as HTML
  [1m[35mPost Load (0.5ms)[0m  SELECT "posts".* FROM "posts"
  Rendered posts/index.html.erb within layouts/application (2.8ms)
Completed 200 OK in 21ms (Views: 20.2ms | ActiveRecord: 0.5ms)


Started GET "/posts/4" for ::1 at 2019-02-10 19:27:13 -0500
Processing by PostsController#show as HTML
  Parameters: {"id"=>"4"}
  [1m[36mPost Load (0.2ms)[0m  [1mSELECT  "posts".* FROM "posts" WHERE "posts"."id" = ? LIMIT 1[0m  [["id", 4]]
  Rendered posts/show.html.erb within layouts/application (0.4ms)
Completed 200 OK in 27ms (Views: 15.2ms | ActiveRecord: 0.2ms)


Started GET "/posts/1" for ::1 at 2019-02-10 19:27:16 -0500
Processing by PostsController#show as HTML
  Parameters: {"id"=>"1"}
  [1m[35mPost Load (0.3ms)[0m  SELECT  "posts".* FROM "posts" WHERE "posts"."id" = ? LIMIT 1  [["id", 1]]
  Rendered posts/show.html.erb within layouts/application (0.1ms)
Completed 200 OK in 20ms (Views: 18.4ms | ActiveRecord: 0.3ms)


Started GET "/posts/2" for ::1 at 2019-02-10 19:27:18 -0500
Processing by PostsController#show as HTML
  Parameters: {"id"=>"2"}
  [1m[36mPost Load (0.1ms)[0m  [1mSELECT  "posts".* FROM "posts" WHERE "posts"."id" = ? LIMIT 1[0m  [["id", 2]]
  Rendered posts/show.html.erb within layouts/application (0.1ms)
Completed 200 OK in 19ms (Views: 17.4ms | ActiveRecord: 0.1ms)


Started GET "/posts/7" for ::1 at 2019-02-10 19:27:20 -0500
Processing by PostsController#show as HTML
  Parameters: {"id"=>"7"}
  [1m[35mPost Load (0.1ms)[0m  SELECT  "posts".* FROM "posts" WHERE "posts"."id" = ? LIMIT 1  [["id", 7]]
  Rendered posts/show.html.erb within layouts/application (0.1ms)
Completed 200 OK in 21ms (Views: 19.6ms | ActiveRecord: 0.1ms)


Started GET "/posts/5" for ::1 at 2019-02-10 19:27:22 -0500
Processing by PostsController#show as HTML
  Parameters: {"id"=>"5"}
  [1m[36mPost Load (0.1ms)[0m  [1mSELECT  "posts".* FROM "posts" WHERE "posts"."id" = ? LIMIT 1[0m  [["id", 5]]
  Rendered posts/show.html.erb within layouts/application (0.1ms)
Completed 200 OK in 21ms (Views: 19.4ms | ActiveRecord: 0.1ms)


Started GET "/posts/4" for ::1 at 2019-02-10 19:27:24 -0500
Processing by PostsController#show as HTML
  Parameters: {"id"=>"4"}
  [1m[35mPost Load (0.2ms)[0m  SELECT  "posts".* FROM "posts" WHERE "posts"."id" = ? LIMIT 1  [["id", 4]]
  Rendered posts/show.html.erb within layouts/application (0.1ms)
Completed 200 OK in 20ms (Views: 19.3ms | ActiveRecord: 0.2ms)


Started GET "/posts/6" for ::1 at 2019-02-10 19:27:27 -0500
Processing by PostsController#show as HTML
  Parameters: {"id"=>"6"}
  [1m[36mPost Load (0.1ms)[0m  [1mSELECT  "posts".* FROM "posts" WHERE "posts"."id" = ? LIMIT 1[0m  [["id", 6]]
  Rendered posts/show.html.erb within layouts/application (0.1ms)
Completed 200 OK in 26ms (Views: 24.6ms | ActiveRecord: 0.1ms)


Started GET "/posts" for ::1 at 2019-02-10 19:29:26 -0500
Processing by PostsController#index as HTML
  Rendered posts/index.html.erb within layouts/application (0.5ms)
Completed 500 Internal Server Error in 8ms (ActiveRecord: 0.0ms)

SyntaxError (/Users/kenkuts/Desktop/Projects/flatiron_school/rails-create-action-readme-cb-000/app/views/posts/index.html.erb:9: syntax error, unexpected keyword_ensure, expecting end-of-input
          ensure
          ^~~~~~):
  app/views/posts/index.html.erb:9: syntax error, unexpected keyword_ensure, expecting end-of-input


  Rendered /Users/kenkuts/.rvm/gems/ruby-2.5.0/gems/actionpack-4.2.11/lib/action_dispatch/middleware/templates/rescues/_source.erb (4.3ms)
  Rendered /Users/kenkuts/.rvm/gems/ruby-2.5.0/gems/actionpack-4.2.11/lib/action_dispatch/middleware/templates/rescues/_trace.html.erb (2.3ms)
  Rendered /Users/kenkuts/.rvm/gems/ruby-2.5.0/gems/actionpack-4.2.11/lib/action_dispatch/middleware/templates/rescues/_request_and_response.html.erb (0.8ms)
  Rendered /Users/kenkuts/.rvm/gems/ruby-2.5.0/gems/actionpack-4.2.11/lib/action_dispatch/middleware/templates/rescues/diagnostics.html.erb within rescues/layout (68.9ms)


Started GET "/posts" for ::1 at 2019-02-10 19:29:46 -0500
Processing by PostsController#index as HTML
  [1m[35mPost Load (0.9ms)[0m  SELECT "posts".* FROM "posts"
  Rendered posts/index.html.erb within layouts/application (2.9ms)
Completed 200 OK in 21ms (Views: 19.4ms | ActiveRecord: 0.9ms)


Started GET "/posts/new?utf8=%E2%9C%93&commit=Create+Post" for ::1 at 2019-02-10 19:29:47 -0500
Processing by PostsController#new as HTML
  Parameters: {"utf8"=>"✓", "commit"=>"Create Post"}
  Rendered posts/new.html.erb within layouts/application (0.9ms)
Completed 200 OK in 21ms (Views: 20.4ms | ActiveRecord: 0.0ms)


Started GET "/posts/new?utf8=%E2%9C%93&commit=Create+Post" for ::1 at 2019-02-10 19:31:33 -0500
Processing by PostsController#new as HTML
  Parameters: {"utf8"=>"✓", "commit"=>"Create Post"}
  Rendered posts/new.html.erb within layouts/application (0.3ms)
Completed 200 OK in 14ms (Views: 13.3ms | ActiveRecord: 0.0ms)


Started POST "/posts" for ::1 at 2019-02-10 19:31:53 -0500
Processing by PostsController#create as HTML
  Parameters: {"utf8"=>"✓", "authenticity_token"=>"MnSe/gmJiYDmQNL6nesUUI6jSm5TaLDtEzlg4/RJODusuvoDO/qVuFm5pHKCiQluh7ybVlZ78vzHL6nHykntcw==", "title"=>"Kaskade", "description"=>"Fun", "commit"=>"Submit Post"}
Completed 500 Internal Server Error in 6ms (ActiveRecord: 0.3ms)

ActiveRecord::UnknownAttributeError (unknown attribute 'post' for Post.):
  app/controllers/posts_controller.rb:14:in `create'


  Rendered /Users/kenkuts/.rvm/gems/ruby-2.5.0/gems/actionpack-4.2.11/lib/action_dispatch/middleware/templates/rescues/_source.erb (2.9ms)
  Rendered /Users/kenkuts/.rvm/gems/ruby-2.5.0/gems/actionpack-4.2.11/lib/action_dispatch/middleware/templates/rescues/_trace.html.erb (1.7ms)
  Rendered /Users/kenkuts/.rvm/gems/ruby-2.5.0/gems/actionpack-4.2.11/lib/action_dispatch/middleware/templates/rescues/_request_and_response.html.erb (0.7ms)
  Rendered /Users/kenkuts/.rvm/gems/ruby-2.5.0/gems/actionpack-4.2.11/lib/action_dispatch/middleware/templates/rescues/diagnostics.html.erb within rescues/layout (62.6ms)


Started GET "/posts/new?utf8=%E2%9C%93&commit=Create+Post" for ::1 at 2019-02-10 19:32:41 -0500
Processing by PostsController#new as HTML
  Parameters: {"utf8"=>"✓", "commit"=>"Create Post"}
  Rendered posts/new.html.erb within layouts/application (0.4ms)
Completed 200 OK in 20ms (Views: 19.6ms | ActiveRecord: 0.0ms)


Started POST "/posts" for ::1 at 2019-02-10 19:32:47 -0500
Processing by PostsController#create as HTML
  Parameters: {"utf8"=>"✓", "authenticity_token"=>"qpX5wo/jV6OtS+74vJQPBdqcHo7XXqqWMwZ9w5U6sQ80W50/vZBLmxKymHCj9hI704PPttJN6IfnELTnqzpkRw==", "title"=>"Kaskade", "description"=>"Fun", "commit"=>"Submit Post"}
  [1m[36m (0.1ms)[0m  [1mbegin transaction[0m
  [1m[35mSQL (0.4ms)[0m  INSERT INTO "posts" ("title", "description", "created_at", "updated_at") VALUES (?, ?, ?, ?)  [["title", "Kaskade"], ["description", "Fun"], ["created_at", "2019-02-11 00:32:47.627614"], ["updated_at", "2019-02-11 00:32:47.627614"]]
  [1m[36m (0.7ms)[0m  [1mcommit transaction[0m
Redirected to http://localhost:3000/posts/8
Completed 302 Found in 12ms (ActiveRecord: 1.6ms)


Started GET "/posts/8" for ::1 at 2019-02-10 19:32:47 -0500
Processing by PostsController#show as HTML
  Parameters: {"id"=>"8"}
  [1m[35mPost Load (0.2ms)[0m  SELECT  "posts".* FROM "posts" WHERE "posts"."id" = ? LIMIT 1  [["id", 8]]
  Rendered posts/show.html.erb within layouts/application (0.1ms)
Completed 200 OK in 12ms (Views: 10.6ms | ActiveRecord: 0.2ms)


Started GET "/posts/8" for ::1 at 2019-02-10 19:33:59 -0500
Processing by PostsController#show as HTML
  Parameters: {"id"=>"8"}
  [1m[36mPost Load (0.1ms)[0m  [1mSELECT  "posts".* FROM "posts" WHERE "posts"."id" = ? LIMIT 1[0m  [["id", 8]]
  Rendered posts/show.html.erb within layouts/application (0.4ms)
Completed 500 Internal Server Error in 5ms (ActiveRecord: 0.1ms)

SyntaxError (/Users/kenkuts/Desktop/Projects/flatiron_school/rails-create-action-readme-cb-000/app/views/posts/show.html.erb:8: syntax error, unexpected keyword_ensure, expecting end-of-input
          ensure
          ^~~~~~):
  app/views/posts/show.html.erb:8: syntax error, unexpected keyword_ensure, expecting end-of-input


  Rendered /Users/kenkuts/.rvm/gems/ruby-2.5.0/gems/actionpack-4.2.11/lib/action_dispatch/middleware/templates/rescues/_source.erb (3.5ms)
  Rendered /Users/kenkuts/.rvm/gems/ruby-2.5.0/gems/actionpack-4.2.11/lib/action_dispatch/middleware/templates/rescues/_trace.html.erb (2.4ms)
  Rendered /Users/kenkuts/.rvm/gems/ruby-2.5.0/gems/actionpack-4.2.11/lib/action_dispatch/middleware/templates/rescues/_request_and_response.html.erb (0.8ms)
  Rendered /Users/kenkuts/.rvm/gems/ruby-2.5.0/gems/actionpack-4.2.11/lib/action_dispatch/middleware/templates/rescues/diagnostics.html.erb within rescues/layout (67.4ms)


Started GET "/posts/8" for ::1 at 2019-02-10 19:34:09 -0500
Processing by PostsController#show as HTML
  Parameters: {"id"=>"8"}
  [1m[35mPost Load (0.3ms)[0m  SELECT  "posts".* FROM "posts" WHERE "posts"."id" = ? LIMIT 1  [["id", 8]]
  Rendered posts/show.html.erb within layouts/application (0.7ms)
Completed 200 OK in 15ms (Views: 13.5ms | ActiveRecord: 0.3ms)


Started GET "/posts?utf8=%E2%9C%93&commit=Go+Back+To+Posts" for ::1 at 2019-02-10 19:34:11 -0500
Processing by PostsController#index as HTML
  Parameters: {"utf8"=>"✓", "commit"=>"Go Back To Posts"}
  [1m[36mPost Load (0.3ms)[0m  [1mSELECT "posts".* FROM "posts"[0m
  Rendered posts/index.html.erb within layouts/application (1.3ms)
Completed 200 OK in 17ms (Views: 16.2ms | ActiveRecord: 0.3ms)


Started GET "/posts/1" for ::1 at 2019-02-10 19:34:13 -0500
Processing by PostsController#show as HTML
  Parameters: {"id"=>"1"}
  [1m[35mPost Load (0.1ms)[0m  SELECT  "posts".* FROM "posts" WHERE "posts"."id" = ? LIMIT 1  [["id", 1]]
  Rendered posts/show.html.erb within layouts/application (0.4ms)
Completed 200 OK in 25ms (Views: 24.0ms | ActiveRecord: 0.1ms)


Started GET "/posts?utf8=%E2%9C%93&commit=Go+Back+To+Posts" for ::1 at 2019-02-10 19:34:15 -0500
Processing by PostsController#index as HTML
  Parameters: {"utf8"=>"✓", "commit"=>"Go Back To Posts"}
  [1m[36mPost Load (0.2ms)[0m  [1mSELECT "posts".* FROM "posts"[0m
  Rendered posts/index.html.erb within layouts/application (1.0ms)
Completed 200 OK in 13ms (Views: 11.9ms | ActiveRecord: 0.2ms)


Started GET "/posts/3" for ::1 at 2019-02-10 19:34:15 -0500
Processing by PostsController#show as HTML
  Parameters: {"id"=>"3"}
  [1m[35mPost Load (0.1ms)[0m  SELECT  "posts".* FROM "posts" WHERE "posts"."id" = ? LIMIT 1  [["id", 3]]
  Rendered posts/show.html.erb within layouts/application (0.3ms)
Completed 200 OK in 20ms (Views: 18.8ms | ActiveRecord: 0.1ms)


Started GET "/posts?utf8=%E2%9C%93&commit=Go+Back+To+Posts" for ::1 at 2019-02-10 19:34:16 -0500
Processing by PostsController#index as HTML
  Parameters: {"utf8"=>"✓", "commit"=>"Go Back To Posts"}
  [1m[36mPost Load (0.2ms)[0m  [1mSELECT "posts".* FROM "posts"[0m
  Rendered posts/index.html.erb within layouts/application (1.2ms)
Completed 200 OK in 14ms (Views: 13.7ms | ActiveRecord: 0.2ms)


Started GET "/posts/5" for ::1 at 2019-02-10 19:34:17 -0500
Processing by PostsController#show as HTML
  Parameters: {"id"=>"5"}
  [1m[35mPost Load (0.2ms)[0m  SELECT  "posts".* FROM "posts" WHERE "posts"."id" = ? LIMIT 1  [["id", 5]]
  Rendered posts/show.html.erb within layouts/application (0.3ms)
Completed 200 OK in 23ms (Views: 21.3ms | ActiveRecord: 0.2ms)


Started GET "/posts?utf8=%E2%9C%93&commit=Go+Back+To+Posts" for ::1 at 2019-02-10 19:34:18 -0500
Processing by PostsController#index as HTML
  Parameters: {"utf8"=>"✓", "commit"=>"Go Back To Posts"}
  [1m[36mPost Load (0.2ms)[0m  [1mSELECT "posts".* FROM "posts"[0m
  Rendered posts/index.html.erb within layouts/application (1.0ms)
Completed 200 OK in 14ms (Views: 13.6ms | ActiveRecord: 0.2ms)


Started GET "/posts/5" for ::1 at 2019-02-10 19:34:19 -0500
Processing by PostsController#show as HTML
  Parameters: {"id"=>"5"}
  [1m[35mPost Load (0.1ms)[0m  SELECT  "posts".* FROM "posts" WHERE "posts"."id" = ? LIMIT 1  [["id", 5]]
  Rendered posts/show.html.erb within layouts/application (0.4ms)
Completed 200 OK in 22ms (Views: 19.7ms | ActiveRecord: 0.1ms)


Started GET "/posts?utf8=%E2%9C%93&commit=Go+Back+To+Posts" for ::1 at 2019-02-10 19:34:21 -0500
Processing by PostsController#index as HTML
  Parameters: {"utf8"=>"✓", "commit"=>"Go Back To Posts"}
  [1m[36mPost Load (0.2ms)[0m  [1mSELECT "posts".* FROM "posts"[0m
  Rendered posts/index.html.erb within layouts/application (1.4ms)
Completed 200 OK in 15ms (Views: 14.7ms | ActiveRecord: 0.2ms)


Started GET "/posts/7" for ::1 at 2019-02-10 19:34:23 -0500
Processing by PostsController#show as HTML
  Parameters: {"id"=>"7"}
  [1m[35mPost Load (0.1ms)[0m  SELECT  "posts".* FROM "posts" WHERE "posts"."id" = ? LIMIT 1  [["id", 7]]
  Rendered posts/show.html.erb within layouts/application (0.2ms)
Completed 200 OK in 20ms (Views: 18.5ms | ActiveRecord: 0.1ms)


Started GET "/posts?utf8=%E2%9C%93&commit=Go+Back+To+Posts" for ::1 at 2019-02-10 19:34:25 -0500
Processing by PostsController#index as HTML
  Parameters: {"utf8"=>"✓", "commit"=>"Go Back To Posts"}
  [1m[36mPost Load (0.1ms)[0m  [1mSELECT "posts".* FROM "posts"[0m
  Rendered posts/index.html.erb within layouts/application (1.0ms)
Completed 200 OK in 16ms (Views: 15.5ms | ActiveRecord: 0.1ms)


Started GET "/posts/8" for ::1 at 2019-02-10 19:34:26 -0500
Processing by PostsController#show as HTML
  Parameters: {"id"=>"8"}
  [1m[35mPost Load (0.1ms)[0m  SELECT  "posts".* FROM "posts" WHERE "posts"."id" = ? LIMIT 1  [["id", 8]]
  Rendered posts/show.html.erb within layouts/application (0.3ms)
Completed 200 OK in 21ms (Views: 19.8ms | ActiveRecord: 0.1ms)


Started GET "/posts?utf8=%E2%9C%93&commit=Go+Back+To+Posts" for ::1 at 2019-02-10 19:34:28 -0500
Processing by PostsController#index as HTML
  Parameters: {"utf8"=>"✓", "commit"=>"Go Back To Posts"}
  [1m[36mPost Load (0.2ms)[0m  [1mSELECT "posts".* FROM "posts"[0m
  Rendered posts/index.html.erb within layouts/application (1.7ms)
Completed 200 OK in 15ms (Views: 14.6ms | ActiveRecord: 0.2ms)
